2025-12-13 00:34:51,269 - INFO - Starting random sampling pipeline.
2025-12-13 00:34:51,274 - INFO - Loaded bounds for 3 parameters from: AMP_new/AMP_NMCNR/AMP_NMCNR.yaml
2025-12-13 00:34:51,495 - INFO - Failed sample 0: Reward = -1e10
2025-12-13 00:34:51,496 - INFO - Failed sample 1: Reward = -1e10
2025-12-13 00:34:51,498 - INFO - Failed sample 2: Reward = -1e10
2025-12-13 00:34:51,499 - INFO - Failed sample 3: Reward = -1e10
2025-12-13 00:34:51,500 - INFO - Failed sample 4: Reward = -1e10
2025-12-13 00:34:51,501 - INFO - Failed sample 5: Reward = -1e10
2025-12-13 00:34:51,502 - INFO - Failed sample 6: Reward = -1e10
2025-12-13 00:34:51,504 - INFO - Failed sample 7: Reward = -1e10
2025-12-13 00:34:51,505 - INFO - Failed sample 8: Reward = -1e10
2025-12-13 00:34:51,505 - INFO - Failed sample 9: Reward = -1e10
2025-12-13 00:34:51,507 - INFO - Failed sample 10: Reward = -1e10
2025-12-13 00:34:51,508 - INFO - Failed sample 11: Reward = -1e10
2025-12-13 00:34:51,509 - INFO - Failed sample 12: Reward = -1e10
2025-12-13 00:34:51,510 - INFO - Failed sample 13: Reward = -1e10
2025-12-13 00:34:51,511 - INFO - Failed sample 14: Reward = -1e10
2025-12-13 00:34:51,512 - INFO - Failed sample 15: Reward = -1e10
2025-12-13 00:34:51,514 - INFO - Failed sample 16: Reward = -1e10
2025-12-13 00:34:51,515 - INFO - Failed sample 17: Reward = -1e10
2025-12-13 00:34:51,516 - INFO - Failed sample 18: Reward = -1e10
2025-12-13 00:34:51,517 - INFO - Failed sample 19: Reward = -1e10
2025-12-13 00:34:51,519 - INFO - Failed sample 20: Reward = -1e10
2025-12-13 00:34:51,520 - INFO - Failed sample 21: Reward = -1e10
2025-12-13 00:34:51,521 - INFO - Failed sample 22: Reward = -1e10
2025-12-13 00:34:51,522 - INFO - Failed sample 23: Reward = -1e10
2025-12-13 00:34:51,523 - INFO - Failed sample 24: Reward = -1e10
2025-12-13 00:34:51,524 - INFO - Failed sample 25: Reward = -1e10
2025-12-13 00:34:51,525 - INFO - Failed sample 26: Reward = -1e10
2025-12-13 00:34:51,526 - INFO - Failed sample 27: Reward = -1e10
2025-12-13 00:34:51,527 - INFO - Failed sample 28: Reward = -1e10
2025-12-13 00:34:51,527 - INFO - Failed sample 29: Reward = -1e10
2025-12-13 00:34:51,528 - INFO - Failed sample 30: Reward = -1e10
2025-12-13 00:34:51,529 - INFO - Failed sample 31: Reward = -1e10
2025-12-13 00:34:51,530 - INFO - Failed sample 32: Reward = -1e10
2025-12-13 00:34:51,531 - INFO - Failed sample 33: Reward = -1e10
2025-12-13 00:34:51,532 - INFO - Failed sample 34: Reward = -1e10
2025-12-13 00:34:51,533 - INFO - Failed sample 35: Reward = -1e10
2025-12-13 00:34:51,533 - INFO - Failed sample 36: Reward = -1e10
2025-12-13 00:34:51,534 - INFO - Failed sample 37: Reward = -1e10
2025-12-13 00:34:51,543 - INFO - Failed sample 38: Reward = -1e10
2025-12-13 00:34:51,543 - INFO - Failed sample 39: Reward = -1e10
2025-12-13 00:34:51,547 - INFO - Failed sample 40: Reward = -1e10
2025-12-13 00:34:51,548 - INFO - Failed sample 41: Reward = -1e10
2025-12-13 00:34:51,550 - INFO - Failed sample 42: Reward = -1e10
2025-12-13 00:34:51,551 - INFO - Failed sample 43: Reward = -1e10
2025-12-13 00:34:51,552 - INFO - Failed sample 44: Reward = -1e10
2025-12-13 00:34:51,553 - INFO - Failed sample 45: Reward = -1e10
2025-12-13 00:34:51,554 - INFO - Failed sample 46: Reward = -1e10
2025-12-13 00:34:51,555 - INFO - Failed sample 47: Reward = -1e10
2025-12-13 00:34:51,557 - INFO - Failed sample 48: Reward = -1e10
2025-12-13 00:34:51,558 - INFO - Failed sample 49: Reward = -1e10
2025-12-13 00:34:51,558 - INFO - Evaluated 50 / 100 samples. Best so far: -1e+10
2025-12-13 00:34:51,559 - INFO - Failed sample 50: Reward = -1e10
2025-12-13 00:34:51,560 - INFO - Failed sample 51: Reward = -1e10
2025-12-13 00:34:51,561 - INFO - Failed sample 52: Reward = -1e10
2025-12-13 00:34:51,561 - INFO - Failed sample 53: Reward = -1e10
2025-12-13 00:34:51,564 - INFO - Failed sample 54: Reward = -1e10
2025-12-13 00:34:51,565 - INFO - Failed sample 55: Reward = -1e10
2025-12-13 00:34:51,566 - INFO - Failed sample 56: Reward = -1e10
2025-12-13 00:34:51,566 - INFO - Failed sample 57: Reward = -1e10
2025-12-13 00:34:51,568 - INFO - Failed sample 58: Reward = -1e10
2025-12-13 00:34:51,568 - INFO - Failed sample 59: Reward = -1e10
2025-12-13 00:34:51,570 - INFO - Failed sample 60: Reward = -1e10
2025-12-13 00:34:51,570 - INFO - Failed sample 61: Reward = -1e10
2025-12-13 00:34:51,572 - INFO - Failed sample 62: Reward = -1e10
2025-12-13 00:34:51,573 - INFO - Failed sample 63: Reward = -1e10
2025-12-13 00:34:51,574 - INFO - Failed sample 64: Reward = -1e10
2025-12-13 00:34:51,575 - INFO - Failed sample 65: Reward = -1e10
2025-12-13 00:34:51,576 - INFO - Failed sample 66: Reward = -1e10
2025-12-13 00:34:51,577 - INFO - Failed sample 67: Reward = -1e10
2025-12-13 00:34:51,578 - INFO - Failed sample 68: Reward = -1e10
2025-12-13 00:34:51,578 - INFO - Failed sample 69: Reward = -1e10
2025-12-13 00:34:51,579 - INFO - Failed sample 70: Reward = -1e10
2025-12-13 00:34:51,580 - INFO - Failed sample 71: Reward = -1e10
2025-12-13 00:34:51,581 - INFO - Failed sample 72: Reward = -1e10
2025-12-13 00:34:51,582 - INFO - Failed sample 73: Reward = -1e10
2025-12-13 00:34:51,583 - INFO - Failed sample 74: Reward = -1e10
2025-12-13 00:34:51,584 - INFO - Failed sample 75: Reward = -1e10
2025-12-13 00:34:51,585 - INFO - Failed sample 76: Reward = -1e10
2025-12-13 00:34:51,586 - INFO - Failed sample 77: Reward = -1e10
2025-12-13 00:34:51,586 - INFO - Failed sample 78: Reward = -1e10
2025-12-13 00:34:51,588 - INFO - Failed sample 79: Reward = -1e10
2025-12-13 00:34:51,588 - INFO - Failed sample 80: Reward = -1e10
2025-12-13 00:34:51,589 - INFO - Failed sample 81: Reward = -1e10
2025-12-13 00:34:51,590 - INFO - Failed sample 82: Reward = -1e10
2025-12-13 00:34:51,590 - INFO - Failed sample 83: Reward = -1e10
2025-12-13 00:34:51,591 - INFO - Failed sample 84: Reward = -1e10
2025-12-13 00:34:51,592 - INFO - Failed sample 85: Reward = -1e10
2025-12-13 00:34:51,593 - INFO - Failed sample 86: Reward = -1e10
2025-12-13 00:34:51,594 - INFO - Failed sample 87: Reward = -1e10
2025-12-13 00:34:51,594 - INFO - Failed sample 88: Reward = -1e10
2025-12-13 00:34:51,595 - INFO - Failed sample 89: Reward = -1e10
2025-12-13 00:34:51,596 - INFO - Failed sample 90: Reward = -1e10
2025-12-13 00:34:51,597 - INFO - Failed sample 91: Reward = -1e10
2025-12-13 00:34:51,598 - INFO - Failed sample 92: Reward = -1e10
2025-12-13 00:34:51,598 - INFO - Failed sample 93: Reward = -1e10
2025-12-13 00:34:51,599 - INFO - Failed sample 94: Reward = -1e10
2025-12-13 00:34:51,600 - INFO - Failed sample 95: Reward = -1e10
2025-12-13 00:34:51,600 - INFO - Failed sample 96: Reward = -1e10
2025-12-13 00:34:51,601 - INFO - Failed sample 97: Reward = -1e10
2025-12-13 00:34:51,602 - INFO - Failed sample 98: Reward = -1e10
2025-12-13 00:34:51,603 - INFO - Failed sample 99: Reward = -1e10
2025-12-13 00:34:51,603 - INFO - Evaluated 100 / 100 samples. Best so far: -1e+10
2025-12-13 00:34:51,603 - INFO - Saved best solution to 'AMP_new/AMP_NMCNR/best_solution.json'.
2025-12-13 00:34:51,603 - INFO - Closed simulation environment.
2025-12-13 00:41:59,500 - INFO - Starting random sampling pipeline.
2025-12-13 00:41:59,505 - INFO - Loaded bounds for 3 parameters from: AMP_new/AMP_NMCNR/AMP_NMCNR.yaml
2025-12-13 00:41:59,614 - INFO - Failed sample 0: Reward = -1e10
2025-12-13 00:41:59,637 - INFO - Failed sample 1: Reward = -1e10
2025-12-13 00:41:59,641 - INFO - Failed sample 2: Reward = -1e10
2025-12-13 00:41:59,644 - INFO - Failed sample 3: Reward = -1e10
2025-12-13 00:41:59,647 - INFO - Failed sample 4: Reward = -1e10
2025-12-13 00:41:59,649 - INFO - Failed sample 5: Reward = -1e10
2025-12-13 00:41:59,652 - INFO - Failed sample 6: Reward = -1e10
2025-12-13 00:41:59,654 - INFO - Failed sample 7: Reward = -1e10
2025-12-13 00:41:59,657 - INFO - Failed sample 8: Reward = -1e10
2025-12-13 00:41:59,661 - INFO - Failed sample 9: Reward = -1e10
2025-12-13 00:41:59,665 - INFO - Failed sample 10: Reward = -1e10
2025-12-13 00:41:59,668 - INFO - Failed sample 11: Reward = -1e10
2025-12-13 00:41:59,671 - INFO - Failed sample 12: Reward = -1e10
2025-12-13 00:41:59,673 - INFO - Failed sample 13: Reward = -1e10
2025-12-13 00:41:59,675 - INFO - Failed sample 14: Reward = -1e10
2025-12-13 00:41:59,678 - INFO - Failed sample 15: Reward = -1e10
2025-12-13 00:41:59,680 - INFO - Failed sample 16: Reward = -1e10
2025-12-13 00:41:59,682 - INFO - Failed sample 17: Reward = -1e10
2025-12-13 00:41:59,684 - INFO - Failed sample 18: Reward = -1e10
2025-12-13 00:41:59,686 - INFO - Failed sample 19: Reward = -1e10
2025-12-13 00:41:59,688 - INFO - Failed sample 20: Reward = -1e10
2025-12-13 00:41:59,690 - INFO - Failed sample 21: Reward = -1e10
2025-12-13 00:41:59,692 - INFO - Failed sample 22: Reward = -1e10
2025-12-13 00:41:59,694 - INFO - Failed sample 23: Reward = -1e10
2025-12-13 00:41:59,695 - INFO - Failed sample 24: Reward = -1e10
2025-12-13 00:41:59,697 - INFO - Failed sample 25: Reward = -1e10
2025-12-13 00:41:59,699 - INFO - Failed sample 26: Reward = -1e10
2025-12-13 00:41:59,702 - INFO - Failed sample 27: Reward = -1e10
2025-12-13 00:41:59,705 - INFO - Failed sample 28: Reward = -1e10
2025-12-13 00:41:59,707 - INFO - Failed sample 29: Reward = -1e10
2025-12-13 00:41:59,709 - INFO - Failed sample 30: Reward = -1e10
2025-12-13 00:41:59,711 - INFO - Failed sample 31: Reward = -1e10
2025-12-13 00:41:59,712 - INFO - Failed sample 32: Reward = -1e10
2025-12-13 00:41:59,714 - INFO - Failed sample 33: Reward = -1e10
2025-12-13 00:41:59,716 - INFO - Failed sample 34: Reward = -1e10
2025-12-13 00:41:59,717 - INFO - Failed sample 35: Reward = -1e10
2025-12-13 00:41:59,720 - INFO - Failed sample 36: Reward = -1e10
2025-12-13 00:41:59,722 - INFO - Failed sample 37: Reward = -1e10
2025-12-13 00:41:59,725 - INFO - Failed sample 38: Reward = -1e10
2025-12-13 00:41:59,728 - INFO - Failed sample 39: Reward = -1e10
2025-12-13 00:41:59,730 - INFO - Failed sample 40: Reward = -1e10
2025-12-13 00:41:59,732 - INFO - Failed sample 41: Reward = -1e10
2025-12-13 00:41:59,734 - INFO - Failed sample 42: Reward = -1e10
2025-12-13 00:41:59,736 - INFO - Failed sample 43: Reward = -1e10
2025-12-13 00:41:59,739 - INFO - Failed sample 44: Reward = -1e10
2025-12-13 00:41:59,741 - INFO - Failed sample 45: Reward = -1e10
2025-12-13 00:41:59,743 - INFO - Failed sample 46: Reward = -1e10
2025-12-13 00:41:59,745 - INFO - Failed sample 47: Reward = -1e10
2025-12-13 00:41:59,748 - INFO - Failed sample 48: Reward = -1e10
2025-12-13 00:41:59,749 - INFO - Failed sample 49: Reward = -1e10
2025-12-13 00:41:59,749 - INFO - Evaluated 50 / 100 samples. Best so far: -1e+10
2025-12-13 00:41:59,752 - INFO - Failed sample 50: Reward = -1e10
2025-12-13 00:41:59,754 - INFO - Failed sample 51: Reward = -1e10
2025-12-13 00:41:59,756 - INFO - Failed sample 52: Reward = -1e10
2025-12-13 00:41:59,757 - INFO - Failed sample 53: Reward = -1e10
2025-12-13 00:41:59,759 - INFO - Failed sample 54: Reward = -1e10
2025-12-13 00:41:59,761 - INFO - Failed sample 55: Reward = -1e10
2025-12-13 00:41:59,763 - INFO - Failed sample 56: Reward = -1e10
2025-12-13 00:41:59,765 - INFO - Failed sample 57: Reward = -1e10
2025-12-13 00:41:59,767 - INFO - Failed sample 58: Reward = -1e10
2025-12-13 00:41:59,769 - INFO - Failed sample 59: Reward = -1e10
2025-12-13 00:41:59,771 - INFO - Failed sample 60: Reward = -1e10
2025-12-13 00:41:59,773 - INFO - Failed sample 61: Reward = -1e10
2025-12-13 00:41:59,775 - INFO - Failed sample 62: Reward = -1e10
2025-12-13 00:41:59,777 - INFO - Failed sample 63: Reward = -1e10
2025-12-13 00:41:59,779 - INFO - Failed sample 64: Reward = -1e10
2025-12-13 00:41:59,781 - INFO - Failed sample 65: Reward = -1e10
2025-12-13 00:41:59,783 - INFO - Failed sample 66: Reward = -1e10
2025-12-13 00:41:59,784 - INFO - Failed sample 67: Reward = -1e10
2025-12-13 00:41:59,786 - INFO - Failed sample 68: Reward = -1e10
2025-12-13 00:41:59,787 - INFO - Failed sample 69: Reward = -1e10
2025-12-13 00:41:59,789 - INFO - Failed sample 70: Reward = -1e10
2025-12-13 00:41:59,790 - INFO - Failed sample 71: Reward = -1e10
2025-12-13 00:41:59,792 - INFO - Failed sample 72: Reward = -1e10
2025-12-13 00:41:59,794 - INFO - Failed sample 73: Reward = -1e10
2025-12-13 00:41:59,796 - INFO - Failed sample 74: Reward = -1e10
2025-12-13 00:41:59,798 - INFO - Failed sample 75: Reward = -1e10
2025-12-13 00:41:59,799 - INFO - Failed sample 76: Reward = -1e10
2025-12-13 00:41:59,801 - INFO - Failed sample 77: Reward = -1e10
2025-12-13 00:41:59,803 - INFO - Failed sample 78: Reward = -1e10
2025-12-13 00:41:59,804 - INFO - Failed sample 79: Reward = -1e10
2025-12-13 00:41:59,806 - INFO - Failed sample 80: Reward = -1e10
2025-12-13 00:41:59,808 - INFO - Failed sample 81: Reward = -1e10
2025-12-13 00:41:59,810 - INFO - Failed sample 82: Reward = -1e10
2025-12-13 00:41:59,811 - INFO - Failed sample 83: Reward = -1e10
2025-12-13 00:41:59,813 - INFO - Failed sample 84: Reward = -1e10
2025-12-13 00:41:59,814 - INFO - Failed sample 85: Reward = -1e10
2025-12-13 00:41:59,816 - INFO - Failed sample 86: Reward = -1e10
2025-12-13 00:41:59,818 - INFO - Failed sample 87: Reward = -1e10
2025-12-13 00:41:59,820 - INFO - Failed sample 88: Reward = -1e10
2025-12-13 00:41:59,823 - INFO - Failed sample 89: Reward = -1e10
2025-12-13 00:41:59,825 - INFO - Failed sample 90: Reward = -1e10
2025-12-13 00:41:59,827 - INFO - Failed sample 91: Reward = -1e10
2025-12-13 00:41:59,829 - INFO - Failed sample 92: Reward = -1e10
2025-12-13 00:41:59,830 - INFO - Failed sample 93: Reward = -1e10
2025-12-13 00:41:59,832 - INFO - Failed sample 94: Reward = -1e10
2025-12-13 00:41:59,834 - INFO - Failed sample 95: Reward = -1e10
2025-12-13 00:41:59,835 - INFO - Failed sample 96: Reward = -1e10
2025-12-13 00:41:59,837 - INFO - Failed sample 97: Reward = -1e10
2025-12-13 00:41:59,838 - INFO - Failed sample 98: Reward = -1e10
2025-12-13 00:41:59,840 - INFO - Failed sample 99: Reward = -1e10
2025-12-13 00:41:59,840 - INFO - Evaluated 100 / 100 samples. Best so far: -1e+10
2025-12-13 00:41:59,840 - INFO - Saved best solution to 'AMP_new/AMP_NMCNR/best_solution.json'.
2025-12-13 00:41:59,840 - INFO - Closed simulation environment.
2025-12-13 00:43:22,372 - INFO - Starting random sampling pipeline.
2025-12-13 00:43:22,377 - INFO - Loaded bounds for 3 parameters from: AMP_new/AMP_NMCNR/AMP_NMCNR.yaml
2025-12-13 00:43:22,450 - INFO - Failed sample 0: Reward = -1e10
2025-12-13 00:43:22,455 - INFO - Failed sample 1: Reward = -1e10
2025-12-13 00:43:22,460 - INFO - Failed sample 2: Reward = -1e10
2025-12-13 00:43:22,463 - INFO - Failed sample 3: Reward = -1e10
2025-12-13 00:43:22,466 - INFO - Failed sample 4: Reward = -1e10
2025-12-13 00:43:22,469 - INFO - Failed sample 5: Reward = -1e10
2025-12-13 00:43:22,473 - INFO - Failed sample 6: Reward = -1e10
2025-12-13 00:43:22,479 - INFO - Failed sample 7: Reward = -1e10
2025-12-13 00:43:22,483 - INFO - Failed sample 8: Reward = -1e10
2025-12-13 00:43:22,486 - INFO - Failed sample 9: Reward = -1e10
2025-12-13 00:43:22,489 - INFO - Failed sample 10: Reward = -1e10
2025-12-13 00:43:22,492 - INFO - Failed sample 11: Reward = -1e10
2025-12-13 00:43:22,494 - INFO - Failed sample 12: Reward = -1e10
2025-12-13 00:43:22,496 - INFO - Failed sample 13: Reward = -1e10
2025-12-13 00:43:22,499 - INFO - Failed sample 14: Reward = -1e10
2025-12-13 00:43:22,503 - INFO - Failed sample 15: Reward = -1e10
2025-12-13 00:43:22,505 - INFO - Failed sample 16: Reward = -1e10
2025-12-13 00:43:22,509 - INFO - Failed sample 17: Reward = -1e10
2025-12-13 00:43:22,518 - INFO - Failed sample 18: Reward = -1e10
2025-12-13 00:43:22,520 - INFO - Failed sample 19: Reward = -1e10
2025-12-13 00:43:22,522 - INFO - Failed sample 20: Reward = -1e10
2025-12-13 00:43:22,524 - INFO - Failed sample 21: Reward = -1e10
2025-12-13 00:43:22,526 - INFO - Failed sample 22: Reward = -1e10
2025-12-13 00:43:22,529 - INFO - Failed sample 23: Reward = -1e10
2025-12-13 00:43:22,531 - INFO - Failed sample 24: Reward = -1e10
2025-12-13 00:43:22,533 - INFO - Failed sample 25: Reward = -1e10
2025-12-13 00:43:22,534 - INFO - Failed sample 26: Reward = -1e10
2025-12-13 00:43:22,536 - INFO - Failed sample 27: Reward = -1e10
2025-12-13 00:43:22,538 - INFO - Failed sample 28: Reward = -1e10
2025-12-13 00:43:22,540 - INFO - Failed sample 29: Reward = -1e10
2025-12-13 00:43:22,542 - INFO - Failed sample 30: Reward = -1e10
2025-12-13 00:43:22,545 - INFO - Failed sample 31: Reward = -1e10
2025-12-13 00:43:22,547 - INFO - Failed sample 32: Reward = -1e10
2025-12-13 00:43:22,548 - INFO - Failed sample 33: Reward = -1e10
2025-12-13 00:43:22,550 - INFO - Failed sample 34: Reward = -1e10
2025-12-13 00:43:22,552 - INFO - Failed sample 35: Reward = -1e10
2025-12-13 00:43:22,554 - INFO - Failed sample 36: Reward = -1e10
2025-12-13 00:43:22,555 - INFO - Failed sample 37: Reward = -1e10
2025-12-13 00:43:22,557 - INFO - Failed sample 38: Reward = -1e10
2025-12-13 00:43:22,559 - INFO - Failed sample 39: Reward = -1e10
2025-12-13 00:43:22,561 - INFO - Failed sample 40: Reward = -1e10
2025-12-13 00:43:22,563 - INFO - Failed sample 41: Reward = -1e10
2025-12-13 00:43:22,564 - INFO - Failed sample 42: Reward = -1e10
2025-12-13 00:43:22,568 - INFO - Failed sample 43: Reward = -1e10
2025-12-13 00:43:22,570 - INFO - Failed sample 44: Reward = -1e10
2025-12-13 00:43:22,572 - INFO - Failed sample 45: Reward = -1e10
2025-12-13 00:43:22,574 - INFO - Failed sample 46: Reward = -1e10
2025-12-13 00:43:22,576 - INFO - Failed sample 47: Reward = -1e10
2025-12-13 00:43:22,577 - INFO - Failed sample 48: Reward = -1e10
2025-12-13 00:43:22,579 - INFO - Failed sample 49: Reward = -1e10
2025-12-13 00:43:22,579 - INFO - Evaluated 50 / 100 samples. Best so far: -1e+10
2025-12-13 00:43:22,581 - INFO - Failed sample 50: Reward = -1e10
2025-12-13 00:43:22,583 - INFO - Failed sample 51: Reward = -1e10
2025-12-13 00:43:22,585 - INFO - Failed sample 52: Reward = -1e10
2025-12-13 00:43:22,587 - INFO - Failed sample 53: Reward = -1e10
2025-12-13 00:43:22,589 - INFO - Failed sample 54: Reward = -1e10
2025-12-13 00:43:22,592 - INFO - Failed sample 55: Reward = -1e10
2025-12-13 00:43:22,594 - INFO - Failed sample 56: Reward = -1e10
2025-12-13 00:43:22,596 - INFO - Failed sample 57: Reward = -1e10
2025-12-13 00:43:22,598 - INFO - Failed sample 58: Reward = -1e10
2025-12-13 00:43:22,600 - INFO - Failed sample 59: Reward = -1e10
2025-12-13 00:43:22,602 - INFO - Failed sample 60: Reward = -1e10
2025-12-13 00:43:22,604 - INFO - Failed sample 61: Reward = -1e10
2025-12-13 00:43:22,606 - INFO - Failed sample 62: Reward = -1e10
2025-12-13 00:43:22,608 - INFO - Failed sample 63: Reward = -1e10
2025-12-13 00:43:22,609 - INFO - Failed sample 64: Reward = -1e10
2025-12-13 00:43:22,611 - INFO - Failed sample 65: Reward = -1e10
2025-12-13 00:43:22,612 - INFO - Failed sample 66: Reward = -1e10
2025-12-13 00:43:22,614 - INFO - Failed sample 67: Reward = -1e10
2025-12-13 00:43:22,615 - INFO - Failed sample 68: Reward = -1e10
2025-12-13 00:43:22,616 - INFO - Failed sample 69: Reward = -1e10
2025-12-13 00:43:22,618 - INFO - Failed sample 70: Reward = -1e10
2025-12-13 00:43:22,619 - INFO - Failed sample 71: Reward = -1e10
2025-12-13 00:43:22,620 - INFO - Failed sample 72: Reward = -1e10
2025-12-13 00:43:22,623 - INFO - Failed sample 73: Reward = -1e10
2025-12-13 00:43:22,627 - INFO - Failed sample 74: Reward = -1e10
2025-12-13 00:43:22,635 - INFO - Failed sample 75: Reward = -1e10
2025-12-13 00:43:22,637 - INFO - Failed sample 76: Reward = -1e10
2025-12-13 00:43:22,639 - INFO - Failed sample 77: Reward = -1e10
2025-12-13 00:43:22,641 - INFO - Failed sample 78: Reward = -1e10
2025-12-13 00:43:22,644 - INFO - Failed sample 79: Reward = -1e10
2025-12-13 00:43:22,646 - INFO - Failed sample 80: Reward = -1e10
2025-12-13 00:43:22,648 - INFO - Failed sample 81: Reward = -1e10
2025-12-13 00:43:22,650 - INFO - Failed sample 82: Reward = -1e10
2025-12-13 00:43:22,652 - INFO - Failed sample 83: Reward = -1e10
2025-12-13 00:43:22,654 - INFO - Failed sample 84: Reward = -1e10
2025-12-13 00:43:22,656 - INFO - Failed sample 85: Reward = -1e10
2025-12-13 00:43:22,658 - INFO - Failed sample 86: Reward = -1e10
2025-12-13 00:43:22,661 - INFO - Failed sample 87: Reward = -1e10
2025-12-13 00:43:22,663 - INFO - Failed sample 88: Reward = -1e10
2025-12-13 00:43:22,665 - INFO - Failed sample 89: Reward = -1e10
2025-12-13 00:43:22,667 - INFO - Failed sample 90: Reward = -1e10
2025-12-13 00:43:22,670 - INFO - Failed sample 91: Reward = -1e10
2025-12-13 00:43:22,672 - INFO - Failed sample 92: Reward = -1e10
2025-12-13 00:43:22,674 - INFO - Failed sample 93: Reward = -1e10
2025-12-13 00:43:22,676 - INFO - Failed sample 94: Reward = -1e10
2025-12-13 00:43:22,678 - INFO - Failed sample 95: Reward = -1e10
2025-12-13 00:43:22,680 - INFO - Failed sample 96: Reward = -1e10
2025-12-13 00:43:22,681 - INFO - Failed sample 97: Reward = -1e10
2025-12-13 00:43:22,683 - INFO - Failed sample 98: Reward = -1e10
2025-12-13 00:43:22,685 - INFO - Failed sample 99: Reward = -1e10
2025-12-13 00:43:22,685 - INFO - Evaluated 100 / 100 samples. Best so far: -1e+10
2025-12-13 00:43:22,685 - INFO - Saved best solution to 'AMP_new/AMP_NMCNR/best_solution.json'.
2025-12-13 00:43:22,685 - INFO - Closed simulation environment.
